<?xml version="1.0" encoding="UTF-8"?>
<!-- Generated by org.testng.reporters.JUnitXMLReporter -->
<testsuite ignored="0" hostname="santhosh-PC" failures="0" tests="7" name="Default test" time="35.649" errors="0" timestamp="2020-05-12T15:07:51 IST">
  <testcase classname="Reg.Admin" name="Login" time="5.407"/>
  <testcase classname="Reg.Admin" name="medialib" time="4.143"/>
  <testcase classname="Reg.Admin" name="homework" time="2.489"/>
  <testcase classname="Reg.Admin" name="Notes" time="1.963"/>
  <testcase classname="Reg.Admin" name="Test" time="2.099"/>
  <testcase classname="Reg.Admin" name="Announce" time="1.357"/>
  <testcase classname="Reg.Admin" name="Impt" time="1.599"/>
</testsuite> <!-- Default test -->
